<?xml version="1.0" encoding="UTF-8"?>
<!-- Generated by org.testng.reporters.JUnitReportReporter -->
<testsuite hostname="DESKTOP-C1TU1OE" failures="0" tests="3" name="extendReportExample.ExtendReportExample" time="4.474" errors="0" timestamp="2023-02-14T15:43:28 IST" skipped="0">
  <testcase classname="extendReportExample.ExtendReportExample" name="openBing" time="1.651"/>
  <system-out/>
  <testcase classname="extendReportExample.ExtendReportExample" name="openGoogle" time="1.954"/>
  <system-out/>
  <testcase classname="extendReportExample.ExtendReportExample" name="openWikipedia" time="0.869"/>
  <system-out/>
</testsuite> <!-- extendReportExample.ExtendReportExample -->
