<?xml version="1.0" encoding="UTF-8"?>
<!-- Generated by org.testng.reporters.JUnitReportReporter -->
<testsuite hostname="DESKTOP-C1TU1OE" failures="0" tests="3" name="extentReportExample.ExtentReportExample" time="4.692" errors="0" timestamp="2023-02-15T13:12:57 IST" skipped="0">
  <testcase classname="extentReportExample.ExtentReportExample" name="openGoogle" time="1.877"/>
  <system-out/>
  <testcase classname="extentReportExample.ExtentReportExample" name="openWikipedia" time="1.391"/>
  <system-out/>
  <testcase classname="extentReportExample.ExtentReportExample" name="openBing" time="1.424"/>
  <system-out/>
</testsuite> <!-- extentReportExample.ExtentReportExample -->
